<?xml version="1.0" encoding="UTF-8"?>
<!-- Generated by org.testng.reporters.JUnitXMLReporter -->
<testsuite hostname="AKDesktop" name="Business_Events" tests="1" failures="1" timestamp="21 Sep 2019 17:43:45 GMT" time="1.026" errors="0">
  <testcase name="@AfterMethod runAfterSuite" time="0.0" classname="com.selenium.commonfiles.businessEvents.BusinessEvents">
    <failure type="java.lang.NullPointerException">
      <![CDATA[java.lang.NullPointerException
	at com.selenium.commonfiles.businessEvents.BusinessEvents.runAfterSuite(BusinessEvents.java:196)
... Removed 26 stack frames]]>
    </failure>
  </testcase> <!-- @AfterMethod runAfterSuite -->
  <testcase name="HandleBusinessEvent" time="0.033" classname="com.selenium.commonfiles.businessEvents.BusinessEvents">
    <failure type="java.lang.Exception" message="Test - HandleBusinessEvent Failed">
      <![CDATA[java.lang.Exception: Test - HandleBusinessEvent Failed
	at com.selenium.commonfiles.businessEvents.BusinessEvents.HandleBusinessEvent(BusinessEvents.java:172)
... Removed 24 stack frames]]>
    </failure>
  </testcase> <!-- HandleBusinessEvent -->
</testsuite> <!-- Business_Events -->
